TN:
SF:/Users/marianaclemente/Repositórios/testingTechnoProject/specs/fetch.js
FN:4,(anonymous_0)
FN:17,(anonymous_1)
FNF:2
FNH:0
FNDA:0,(anonymous_0)
FNDA:0,(anonymous_1)
DA:4,0
DA:7,0
DA:17,0
DA:20,0
LF:4
LH:0
BRF:0
BRH:0
end_of_record
TN:
SF:/Users/marianaclemente/Repositórios/testingTechnoProject/src/App.vue
FN:21,(anonymous_2)
FN:26,(anonymous_3)
FNF:2
FNH:0
FNDA:0,(anonymous_2)
FNDA:0,(anonymous_3)
DA:15,0
DA:16,0
DA:17,0
DA:22,0
DA:27,0
DA:28,0
DA:29,0
LF:7
LH:0
BRDA:27,0,0,0
BRDA:27,0,1,0
BRF:2
BRH:0
end_of_record
TN:
SF:/Users/marianaclemente/Repositórios/testingTechnoProject/src/main.js
FN:13,(anonymous_0)
FNF:1
FNH:0
FNDA:0,(anonymous_0)
DA:8,0
DA:10,0
DA:13,0
LF:3
LH:0
BRF:0
BRH:0
end_of_record
TN:
SF:/Users/marianaclemente/Repositórios/testingTechnoProject/src/services.js
FN:8,(anonymous_0)
FNF:1
FNH:1
FNDA:6,(anonymous_0)
DA:3,1
DA:7,1
DA:9,6
LF:3
LH:3
BRF:0
BRH:0
end_of_record
TN:
SF:/Users/marianaclemente/Repositórios/testingTechnoProject/src/api/mixins/numeroPreco.js
FN:3,(anonymous_0)
FNF:1
FNH:1
FNDA:5,(anonymous_0)
DA:4,5
LF:1
LH:1
BRF:0
BRH:0
end_of_record
TN:
SF:/Users/marianaclemente/Repositórios/testingTechnoProject/src/components/ProdutosLista.vue
FN:25,(anonymous_2)
FN:37,(anonymous_3)
FN:40,(anonymous_4)
FN:41,(anonymous_5)
FN:44,(anonymous_6)
FN:49,(anonymous_7)
FN:51,(anonymous_8)
FN:56,(anonymous_9)
FN:71,(anonymous_10)
FN:75,(anonymous_11)
FNF:10
FNH:0
FNDA:0,(anonymous_2)
FNDA:0,(anonymous_3)
FNDA:0,(anonymous_4)
FNDA:0,(anonymous_5)
FNDA:0,(anonymous_6)
FNDA:0,(anonymous_7)
FNDA:0,(anonymous_8)
FNDA:0,(anonymous_9)
FNDA:0,(anonymous_10)
FNDA:0,(anonymous_11)
DA:18,0
DA:19,0
DA:20,0
DA:26,0
DA:38,0
DA:41,0
DA:43,0
DA:46,0
DA:51,0
DA:53,0
DA:57,0
DA:58,0
DA:72,0
DA:76,0
LF:14
LH:0
BRF:0
BRH:0
end_of_record
TN:
SF:/Users/marianaclemente/Repositórios/testingTechnoProject/src/components/TheHeader.vue
FN:15,(anonymous_2)
FN:24,(anonymous_3)
FN:28,(anonymous_4)
FNF:3
FNH:0
FNDA:0,(anonymous_2)
FNDA:0,(anonymous_3)
FNDA:0,(anonymous_4)
DA:11,0
DA:12,0
DA:16,0
DA:25,0
DA:26,0
DA:28,0
DA:29,0
DA:30,0
DA:34,0
LF:9
LH:0
BRDA:26,0,0,0
BRDA:26,0,1,0
BRF:2
BRH:0
end_of_record
TN:
SF:/Users/marianaclemente/Repositórios/testingTechnoProject/src/router/index.js
FNF:0
FNH:0
DA:7,0
DA:8,0
DA:44,0
LF:3
LH:0
BRF:0
BRH:0
end_of_record
TN:
SF:/Users/marianaclemente/Repositórios/testingTechnoProject/src/store/index.js
FNF:0
FNH:0
DA:5,1
LF:1
LH:1
BRF:0
BRH:0
end_of_record
TN:
SF:/Users/marianaclemente/Repositórios/testingTechnoProject/src/store/mutations.js
FN:3,(anonymous_0)
FN:6,(anonymous_1)
FN:9,(anonymous_2)
FN:12,(anonymous_3)
FN:15,(anonymous_4)
FNF:5
FNH:2
FNDA:0,(anonymous_0)
FNDA:0,(anonymous_1)
FNDA:0,(anonymous_2)
FNDA:2,(anonymous_3)
FNDA:2,(anonymous_4)
DA:2,1
DA:4,0
DA:7,0
DA:10,0
DA:13,2
DA:16,2
LF:6
LH:3
BRF:0
BRH:0
end_of_record
TN:
SF:/Users/marianaclemente/Repositórios/testingTechnoProject/src/views/Alerta.vue
FN:11,(anonymous_1)
FNF:1
FNH:1
FNDA:1,(anonymous_1)
DA:12,1
LF:1
LH:1
BRF:0
BRH:0
end_of_record
TN:
SF:/Users/marianaclemente/Repositórios/testingTechnoProject/src/views/Carrinho.vue
FN:32,(anonymous_2)
FN:42,(anonymous_3)
FN:45,(anonymous_4)
FN:57,(anonymous_5)
FN:60,(anonymous_6)
FNF:5
FNH:0
FNDA:0,(anonymous_2)
FNDA:0,(anonymous_3)
FNDA:0,(anonymous_4)
FNDA:0,(anonymous_5)
FNDA:0,(anonymous_6)
DA:26,0
DA:27,0
DA:33,0
DA:43,0
DA:44,0
DA:45,0
DA:46,0
DA:47,0
DA:51,0
DA:58,0
DA:61,0
DA:62,0
LF:12
LH:0
BRDA:44,0,0,0
BRDA:44,0,1,0
BRDA:58,1,0,0
BRDA:58,1,1,0
BRF:4
BRH:0
end_of_record
TN:
SF:/Users/marianaclemente/Repositórios/testingTechnoProject/src/views/Home.vue
FNF:0
FNH:0
DA:12,0
LF:1
LH:0
BRF:0
BRH:0
end_of_record
TN:
SF:/Users/marianaclemente/Repositórios/testingTechnoProject/src/views/Produto.vue
FN:51,(anonymous_2)
FN:61,(anonymous_3)
FN:64,(anonymous_4)
FN:65,(anonymous_5)
FN:76,(anonymous_6)
FN:83,(anonymous_7)
FN:88,(anonymous_8)
FN:98,(anonymous_9)
FN:101,(anonymous_10)
FN:110,(anonymous_11)
FN:111,(anonymous_12)
FN:117,(anonymous_13)
FN:125,(anonymous_14)
FN:130,(anonymous_15)
FNF:14
FNH:8
FNDA:6,(anonymous_2)
FNDA:5,(anonymous_3)
FNDA:6,(anonymous_4)
FNDA:0,(anonymous_5)
FNDA:1,(anonymous_6)
FNDA:0,(anonymous_7)
FNDA:2,(anonymous_8)
FNDA:1,(anonymous_9)
FNDA:0,(anonymous_10)
FNDA:0,(anonymous_11)
FNDA:0,(anonymous_12)
FNDA:0,(anonymous_13)
FNDA:3,(anonymous_14)
FNDA:6,(anonymous_15)
DA:37,1
DA:38,1
DA:39,1
DA:40,1
DA:44,1
DA:52,6
DA:62,5
DA:65,6
DA:67,0
DA:77,1
DA:78,0
DA:79,0
DA:80,0
DA:84,0
DA:85,0
DA:86,0
DA:89,3
DA:91,1
DA:92,1
DA:94,1
DA:95,1
DA:96,1
DA:99,1
DA:100,1
DA:101,1
DA:102,0
DA:111,0
DA:112,0
DA:118,0
DA:119,0
DA:120,0
DA:121,0
DA:122,0
DA:127,3
DA:131,6
LF:35
LH:20
BRDA:77,0,0,0
BRDA:77,0,1,1
BRDA:89,1,0,1
BRDA:89,1,1,1
BRDA:118,2,0,0
BRDA:118,2,1,0
BRDA:119,3,0,0
BRDA:119,3,1,0
BRDA:121,4,0,0
BRDA:121,4,1,0
BRF:10
BRH:3
end_of_record
