TN:
SF:/Users/marianaclemente/Repositórios/testing-vue-components-master/specs/fetch.js
FN:4,(anonymous_0)
FN:17,(anonymous_1)
FNF:2
FNH:2
FNDA:4,(anonymous_0)
FNDA:4,(anonymous_1)
DA:4,1
DA:7,4
DA:17,1
DA:20,4
LF:4
LH:4
BRF:0
BRH:0
end_of_record
TN:
SF:/Users/marianaclemente/Repositórios/testing-vue-components-master/src/App.vue
FN:22,(anonymous_2)
FN:27,(anonymous_3)
FNF:2
FNH:2
FNDA:1,(anonymous_2)
FNDA:1,(anonymous_3)
DA:16,1
DA:17,1
DA:18,1
DA:23,1
DA:28,1
DA:29,0
LF:6
LH:5
BRDA:28,0,0,0
BRDA:28,0,1,1
BRF:2
BRH:1
end_of_record
TN:
SF:/Users/marianaclemente/Repositórios/testing-vue-components-master/src/main.js
FNF:0
FNH:0
DA:6,0
LF:1
LH:0
BRF:0
BRH:0
end_of_record
TN:
SF:/Users/marianaclemente/Repositórios/testing-vue-components-master/src/services.js
FN:8,(anonymous_0)
FN:11,(anonymous_1)
FN:14,(anonymous_2)
FN:17,(anonymous_3)
FNF:4
FNH:1
FNDA:10,(anonymous_0)
FNDA:0,(anonymous_1)
FNDA:0,(anonymous_2)
FNDA:0,(anonymous_3)
DA:3,6
DA:7,6
DA:9,10
DA:12,0
DA:15,0
DA:18,0
LF:6
LH:3
BRF:0
BRH:0
end_of_record
TN:
SF:/Users/marianaclemente/Repositórios/testing-vue-components-master/src/api/mixins/numeroPreco.js
FN:3,(anonymous_0)
FNF:1
FNH:1
FNDA:25,(anonymous_0)
DA:4,25
LF:1
LH:1
BRF:0
BRH:0
end_of_record
TN:
SF:/Users/marianaclemente/Repositórios/testing-vue-components-master/src/components/ProdutosLista.vue
FN:25,(anonymous_2)
FN:37,(anonymous_3)
FN:40,(anonymous_4)
FN:41,(anonymous_5)
FN:44,(anonymous_6)
FN:49,(anonymous_7)
FN:51,(anonymous_8)
FN:56,(anonymous_9)
FN:77,(anonymous_10)
FNF:9
FNH:7
FNDA:5,(anonymous_2)
FNDA:0,(anonymous_3)
FNDA:3,(anonymous_4)
FNDA:3,(anonymous_5)
FNDA:0,(anonymous_6)
FNDA:6,(anonymous_7)
FNDA:5,(anonymous_8)
FNDA:2,(anonymous_9)
FNDA:5,(anonymous_10)
DA:18,5
DA:19,5
DA:20,5
DA:26,5
DA:38,0
DA:41,3
DA:43,3
DA:46,0
DA:51,6
DA:53,5
DA:57,2
DA:58,2
DA:59,2
DA:78,5
LF:14
LH:12
BRF:0
BRH:0
end_of_record
TN:
SF:/Users/marianaclemente/Repositórios/testing-vue-components-master/src/components/TheHeader.vue
FN:15,(anonymous_2)
FN:24,(anonymous_3)
FN:27,(anonymous_4)
FNF:3
FNH:3
FNDA:2,(anonymous_2)
FNDA:2,(anonymous_3)
FNDA:3,(anonymous_4)
DA:11,1
DA:12,1
DA:16,2
DA:25,2
DA:26,2
DA:27,1
DA:28,3
DA:29,3
DA:33,1
LF:9
LH:9
BRDA:26,0,0,1
BRDA:26,0,1,0
BRF:2
BRH:1
end_of_record
TN:
SF:/Users/marianaclemente/Repositórios/testing-vue-components-master/src/components/component.vue
FN:1,(anonymous_0)
FN:5,render
FNF:2
FNH:2
FNDA:1,(anonymous_0)
FNDA:1,render
DA:1,1
DA:4,1
DA:5,1
DA:6,1
LF:4
LH:4
BRDA:4,0,0,0
BRDA:4,0,1,1
BRDA:4,1,0,0
BRDA:4,1,1,1
BRDA:5,2,0,1
BRDA:5,2,1,0
BRF:6
BRH:3
end_of_record
TN:
SF:/Users/marianaclemente/Repositórios/testing-vue-components-master/src/router/index.js
FNF:0
FNH:0
DA:6,0
DA:38,0
LF:2
LH:0
BRF:0
BRH:0
end_of_record
TN:
SF:/Users/marianaclemente/Repositórios/testing-vue-components-master/src/store/index.js
FN:17,(anonymous_0)
FN:20,(anonymous_1)
FN:23,(anonymous_2)
FN:26,(anonymous_3)
FN:29,(anonymous_4)
FN:32,(anonymous_5)
FNF:6
FNH:0
FNDA:0,(anonymous_0)
FNDA:0,(anonymous_1)
FNDA:0,(anonymous_2)
FNDA:0,(anonymous_3)
FNDA:0,(anonymous_4)
FNDA:0,(anonymous_5)
DA:4,3
DA:18,0
DA:21,0
DA:24,0
DA:27,0
DA:30,0
DA:33,0
DA:34,0
DA:35,0
DA:36,0
DA:38,0
DA:39,0
DA:40,0
LF:13
LH:1
BRDA:34,0,0,0
BRDA:34,0,1,0
BRDA:35,1,0,0
BRDA:35,1,1,0
BRDA:38,2,0,0
BRDA:38,2,1,0
BRF:6
BRH:0
end_of_record
TN:
SF:/Users/marianaclemente/Repositórios/testing-vue-components-master/src/store/mutations.js
FN:2,(anonymous_0)
FN:5,(anonymous_1)
FN:8,(anonymous_2)
FN:11,(anonymous_3)
FN:14,(anonymous_4)
FN:17,(anonymous_5)
FNF:6
FNH:4
FNDA:0,(anonymous_0)
FNDA:5,(anonymous_1)
FNDA:2,(anonymous_2)
FNDA:1,(anonymous_3)
FNDA:1,(anonymous_4)
FNDA:0,(anonymous_5)
DA:3,0
DA:6,5
DA:9,2
DA:12,1
DA:15,1
DA:18,0
DA:19,0
DA:20,0
DA:21,0
DA:23,0
DA:24,0
DA:25,0
LF:12
LH:4
BRDA:19,0,0,0
BRDA:19,0,1,0
BRDA:20,1,0,0
BRDA:20,1,1,0
BRDA:23,2,0,0
BRDA:23,2,1,0
BRF:6
BRH:0
end_of_record
TN:
SF:/Users/marianaclemente/Repositórios/testing-vue-components-master/src/views/Alerta.vue
FN:11,(anonymous_1)
FNF:1
FNH:1
FNDA:1,(anonymous_1)
DA:12,1
LF:1
LH:1
BRF:0
BRH:0
end_of_record
TN:
SF:/Users/marianaclemente/Repositórios/testing-vue-components-master/src/views/Carrinho.vue
FN:30,(anonymous_2)
FN:40,(anonymous_3)
FN:43,(anonymous_4)
FN:55,(anonymous_5)
FN:58,(anonymous_6)
FN:62,(anonymous_7)
FN:63,(anonymous_8)
FNF:7
FNH:6
FNDA:3,(anonymous_2)
FNDA:5,(anonymous_3)
FNDA:12,(anonymous_4)
FNDA:0,(anonymous_5)
FNDA:1,(anonymous_6)
FNDA:1,(anonymous_7)
FNDA:7,(anonymous_8)
DA:24,3
DA:25,3
DA:31,3
DA:41,5
DA:42,5
DA:43,3
DA:44,12
DA:45,12
DA:49,5
DA:56,0
DA:59,1
DA:60,1
DA:63,8
DA:64,1
LF:14
LH:13
BRDA:42,0,0,3
BRDA:42,0,1,2
BRDA:56,1,0,0
BRDA:56,1,1,0
BRF:4
BRH:2
end_of_record
TN:
SF:/Users/marianaclemente/Repositórios/testing-vue-components-master/src/views/Home.vue
FNF:0
FNH:0
DA:12,1
LF:1
LH:1
BRF:0
BRH:0
end_of_record
TN:
SF:/Users/marianaclemente/Repositórios/testing-vue-components-master/src/views/Produto.vue
FN:49,(anonymous_2)
FN:60,(anonymous_3)
FN:63,(anonymous_4)
FN:64,(anonymous_5)
FN:75,(anonymous_6)
FN:82,(anonymous_7)
FN:87,(anonymous_8)
FN:97,(anonymous_9)
FN:100,(anonymous_10)
FN:104,(anonymous_11)
FN:109,(anonymous_12)
FN:110,(anonymous_13)
FN:115,(anonymous_14)
FN:123,(anonymous_15)
FN:127,(anonymous_16)
FNF:15
FNH:9
FNDA:9,(anonymous_2)
FNDA:7,(anonymous_3)
FNDA:9,(anonymous_4)
FNDA:0,(anonymous_5)
FNDA:2,(anonymous_6)
FNDA:1,(anonymous_7)
FNDA:1,(anonymous_8)
FNDA:0,(anonymous_9)
FNDA:0,(anonymous_10)
FNDA:0,(anonymous_11)
FNDA:0,(anonymous_12)
FNDA:0,(anonymous_13)
FNDA:2,(anonymous_14)
FNDA:2,(anonymous_15)
FNDA:9,(anonymous_16)
DA:36,3
DA:37,3
DA:38,3
DA:42,3
DA:50,9
DA:64,9
DA:66,0
DA:76,2
DA:77,1
DA:78,1
DA:83,1
DA:84,1
DA:85,1
DA:88,2
DA:90,0
DA:91,0
DA:92,0
DA:93,0
DA:94,0
DA:95,0
DA:98,0
DA:99,0
DA:100,0
DA:101,0
DA:105,0
DA:106,0
DA:110,0
DA:111,0
DA:116,2
DA:117,2
DA:118,2
DA:119,2
DA:120,0
DA:124,2
DA:128,9
LF:35
LH:19
BRDA:76,0,0,1
BRDA:76,0,1,1
BRDA:88,1,0,1
BRDA:88,1,1,0
BRDA:105,2,0,0
BRDA:105,2,1,0
BRDA:116,3,0,2
BRDA:116,3,1,2
BRDA:117,4,0,2
BRDA:117,4,1,2
BRDA:119,5,0,0
BRDA:119,5,1,2
BRF:12
BRH:8
end_of_record
